<?xml version="1.0" encoding="UTF-8"?>
<!-- Generated by org.testng.reporters.JUnitReportReporter -->
<testsuite hostname="Administrator" failures="0" tests="4" name="TestNGweb.TestNGopen" time="25.622" errors="0" timestamp="2022-06-09T11:30:59 IST" skipped="0">
  <testcase classname="TestNGweb.TestNGopen" name="Multiplication" time="6.376"/>
  <system-out/>
  <testcase classname="TestNGweb.TestNGopen" name="Division" time="6.315"/>
  <system-out/>
  <testcase classname="TestNGweb.TestNGopen" name="Addition" time="6.446"/>
  <system-out/>
  <testcase classname="TestNGweb.TestNGopen" name="Subtraction" time="6.485"/>
  <system-out/>
</testsuite> <!-- TestNGweb.TestNGopen -->
